00:00:00.087606 VirtualBox GUI VM Selector Window 7.0.8 r156879 linux.amd64 (Apr 18 2023 21:36:31) release log
00:00:00.087607 Log opened 2023-05-01T12:47:01.297316000Z
00:00:00.087608 Build Type: release
00:00:00.087609 OS Product: Linux
00:00:00.087609 OS Release: 6.2.13-arch1-1
00:00:00.087609 OS Version: #1 SMP PREEMPT_DYNAMIC Wed, 26 Apr 2023 20:50:14 +0000
00:00:00.087619 DMI Product Name: System Product Name
00:00:00.087621 DMI Product Version: System Version
00:00:00.087623 Firmware type: UEFI
00:00:00.087767 Secure Boot: Disabled
00:00:00.087782 Host RAM: 15736MB (15.3GB) total, 12472MB (12.1GB) available
00:00:00.087783 Executable: /usr/lib/virtualbox/VirtualBox
00:00:00.087783 Process ID: 42759
00:00:00.087784 Package type: LINUX_64BITS_GENERIC (OSE)
00:00:00.087856 Qt version: 5.15.9
00:00:00.088085 GUI: UIMediumEnumerator: Initial medium-enumeration finished!
00:00:00.091731 GUI: UIMediumEnumerator: Medium-enumeration started...
00:00:00.563277 GUI: UIDesktopWidgetWatchdog::sltHandleHostScreenAvailableGeometryCalculated: Screen 0 work area is actually resized to: 10x10 x 3816x2136
00:00:00.591640 GUI: UIMediumEnumerator: Medium-enumeration finished!
00:00:01.720588 GUI: UICommon: Handling aboutToQuit request..
00:00:02.923793 GUI: UICommon: aboutToQuit request handled!
