00:00:00.000743 main     VirtualBox XPCOM Server 7.0.8 r156879 linux.amd64 (Apr 18 2023 21:36:31) release log
00:00:00.000745 main     Log opened 2023-05-01T12:33:59.461550000Z
00:00:00.000745 main     Build Type: release
00:00:00.000747 main     OS Product: Linux
00:00:00.000748 main     OS Release: 6.2.13-arch1-1
00:00:00.000748 main     OS Version: #1 SMP PREEMPT_DYNAMIC Wed, 26 Apr 2023 20:50:14 +0000
00:00:00.000758 main     DMI Product Name: System Product Name
00:00:00.000761 main     DMI Product Version: System Version
00:00:00.000764 main     Firmware type: UEFI
00:00:00.000960 main     Secure Boot: Disabled
00:00:00.000975 main     Host RAM: 15736MB (15.3GB) total, 12236MB (11.9GB) available
00:00:00.000976 main     Executable: /usr/lib/virtualbox/VBoxSVC
00:00:00.000976 main     Process ID: 42166
00:00:00.000976 main     Package type: LINUX_64BITS_GENERIC (OSE)
00:00:00.001683 main     IPC socket path: /tmp/.vbox-trunk-ipc/ipcd
00:00:00.104731 nspr-2   VirtualBox: object creation starts
00:00:00.104824 nspr-2   Home directory: '/home/trunk/.config/VirtualBox'
00:00:00.105053 nspr-2   Loading settings file "/home/trunk/.config/VirtualBox/VirtualBox.xml" with version "1.12-linux"
00:00:00.116577 nspr-2   HostDnsMonitor: initializing
00:00:00.116751 nspr-2   NAT: resolv.conf: nameserver 1.1.1.1
00:00:00.116774 nspr-2   NAT: resolv.conf: nameserver 202.117.80.7
00:00:00.116790 nspr-2   HostDnsMonitor: updating information
00:00:00.116811 nspr-2   HostDnsMonitor: old information
00:00:00.116816 nspr-2     no server entries
00:00:00.116821 nspr-2     no domain set
00:00:00.116825 nspr-2     no search string entries
00:00:00.116829 nspr-2   HostDnsMonitor: new information
00:00:00.116833 nspr-2     server 1: 1.1.1.1
00:00:00.116837 nspr-2     server 2: 202.117.80.7
00:00:00.116842 nspr-2     no domain set
00:00:00.116846 nspr-2     no search string entries
00:00:00.119877 nspr-2   VD: VDInit finished with VINF_SUCCESS
00:00:00.121429 nspr-2   Loading settings file "/home/trunk/VirtualBox VMs/win11/win11.vbox" with version "1.19-linux"
00:00:00.122759 nspr-2   Loading settings file "/home/trunk/VirtualBox VMs/arch/arch.vbox" with version "1.19-linux"
00:00:00.123492 nspr-2   VirtualBox: object created
00:00:00.682645 nspr-3   WARNING [COM]: aRC=NS_ERROR_FAILURE (0x80004005) aIID={e54f6256-97a7-4947-8a78-10c013ddf4b8} aComponent={HostWrap} aText={VirtualBox is not currently allowed to access USB devices.  You can change this by adding your user to the 'vboxusers' group.  Please see the user manual for a more detailed explanation}, preserve=true aResultDetail=0
00:00:00.683313 nspr-2   WARNING [COM]: aRC=NS_ERROR_FAILURE (0x80004005) aIID={e54f6256-97a7-4947-8a78-10c013ddf4b8} aComponent={HostWrap} aText={VirtualBox is not currently allowed to access USB devices.  You can change this by adding your user to the 'vboxusers' group.  Please see the user manual for a more detailed explanation}, preserve=false aResultDetail=0
00:00:00.694843 nspr-2   ERROR [COM]: aRC=VBOX_E_INVALID_VM_STATE (0x80bb0002) aIID={300763af-5d6b-46e6-aa96-273eac15538a} aComponent={MachineWrap} aText={The machine is not mutable (state is PoweredOff)}, preserve=false aResultDetail=0
00:00:00.764949 nspr-2   WARNING [COM]: aRC=NS_ERROR_FAILURE (0x80004005) aIID={e54f6256-97a7-4947-8a78-10c013ddf4b8} aComponent={HostWrap} aText={VirtualBox is not currently allowed to access USB devices.  You can change this by adding your user to the 'vboxusers' group.  Please see the user manual for a more detailed explanation}, preserve=true aResultDetail=0
00:00:00.765883 nspr-2   WARNING [COM]: aRC=NS_ERROR_FAILURE (0x80004005) aIID={e54f6256-97a7-4947-8a78-10c013ddf4b8} aComponent={HostWrap} aText={VirtualBox is not currently allowed to access USB devices.  You can change this by adding your user to the 'vboxusers' group.  Please see the user manual for a more detailed explanation}, preserve=true aResultDetail=0
00:00:00.997155 nspr-3   Saving settings file "/home/trunk/.config/VirtualBox/VirtualBox.xml" with version "1.12-linux"
00:00:00.999894 nspr-3   Finished saving settings file "/home/trunk/.config/VirtualBox/VirtualBox.xml"
00:00:03.247336 nspr-4   Launched VM: 2684364128 pid: 42213 (0xa4e5) frontend: GUI/Qt name: win11
00:00:03.269941 nspr-5   ERROR [COM]: aRC=VBOX_E_INVALID_VM_STATE (0x80bb0002) aIID={300763af-5d6b-46e6-aa96-273eac15538a} aComponent={MachineWrap} aText={The machine is not mutable (state is PoweredOff)}, preserve=false aResultDetail=0
00:00:03.284798 nspr-5   WARNING [COM]: aRC=NS_ERROR_FAILURE (0x80004005) aIID={e54f6256-97a7-4947-8a78-10c013ddf4b8} aComponent={HostWrap} aText={VirtualBox is not currently allowed to access USB devices.  You can change this by adding your user to the 'vboxusers' group.  Please see the user manual for a more detailed explanation}, preserve=true aResultDetail=0
00:00:03.285331 nspr-5   WARNING [COM]: aRC=NS_ERROR_FAILURE (0x80004005) aIID={e54f6256-97a7-4947-8a78-10c013ddf4b8} aComponent={HostWrap} aText={VirtualBox is not currently allowed to access USB devices.  You can change this by adding your user to the 'vboxusers' group.  Please see the user manual for a more detailed explanation}, preserve=true aResultDetail=0
00:00:03.419728 nspr-8   ERROR [COM]: aRC=VBOX_E_INVALID_VM_STATE (0x80bb0002) aIID={300763af-5d6b-46e6-aa96-273eac15538a} aComponent={MachineWrap} aText={The machine is not mutable (state is PoweredOff)}, preserve=false aResultDetail=0
00:00:03.424179 nspr-8   WARNING [COM]: aRC=NS_ERROR_FAILURE (0x80004005) aIID={e54f6256-97a7-4947-8a78-10c013ddf4b8} aComponent={HostWrap} aText={VirtualBox is not currently allowed to access USB devices.  You can change this by adding your user to the 'vboxusers' group.  Please see the user manual for a more detailed explanation}, preserve=true aResultDetail=0
00:00:03.424611 nspr-8   WARNING [COM]: aRC=NS_ERROR_FAILURE (0x80004005) aIID={e54f6256-97a7-4947-8a78-10c013ddf4b8} aComponent={HostWrap} aText={VirtualBox is not currently allowed to access USB devices.  You can change this by adding your user to the 'vboxusers' group.  Please see the user manual for a more detailed explanation}, preserve=true aResultDetail=0
00:00:03.673559 nspr-8   WARNING [COM]: aRC=NS_ERROR_FAILURE (0x80004005) aIID={e54f6256-97a7-4947-8a78-10c013ddf4b8} aComponent={HostWrap} aText={VirtualBox is not currently allowed to access USB devices.  You can change this by adding your user to the 'vboxusers' group.  Please see the user manual for a more detailed explanation}, preserve=true aResultDetail=0
00:00:03.674472 nspr-3   WARNING [COM]: aRC=NS_ERROR_FAILURE (0x80004005) aIID={e54f6256-97a7-4947-8a78-10c013ddf4b8} aComponent={HostWrap} aText={VirtualBox is not currently allowed to access USB devices.  You can change this by adding your user to the 'vboxusers' group.  Please see the user manual for a more detailed explanation}, preserve=true aResultDetail=0
00:00:03.674723 nspr-3   ERROR [COM]: aRC=VBOX_E_OBJECT_NOT_FOUND (0x80bb0001) aIID={70401eef-c8e9-466b-9660-45cb3e9979e4} aComponent={ExtPackManagerWrap} aText={No extension pack by the name 'Oracle VM VirtualBox Extension Pack' was found}, preserve=false aResultDetail=0
00:00:03.695972 nspr-3   ERROR [COM]: aRC=VBOX_E_IPRT_ERROR (0x80bb0005) aIID={300763af-5d6b-46e6-aa96-273eac15538a} aComponent={SessionMachine} aText={Saved screenshot data is not available (VERR_NOT_SUPPORTED)}, preserve=false aResultDetail=-37
00:00:03.718268 nspr-8   WARNING [COM]: aRC=NS_ERROR_FAILURE (0x80004005) aIID={e54f6256-97a7-4947-8a78-10c013ddf4b8} aComponent={HostWrap} aText={VirtualBox is not currently allowed to access USB devices.  You can change this by adding your user to the 'vboxusers' group.  Please see the user manual for a more detailed explanation}, preserve=false aResultDetail=0
00:00:03.718680 nspr-3   WARNING [COM]: aRC=NS_ERROR_FAILURE (0x80004005) aIID={e54f6256-97a7-4947-8a78-10c013ddf4b8} aComponent={HostWrap} aText={VirtualBox is not currently allowed to access USB devices.  You can change this by adding your user to the 'vboxusers' group.  Please see the user manual for a more detailed explanation}, preserve=true aResultDetail=0
00:00:03.718767 nspr-3   WARNING [COM]: aRC=NS_ERROR_FAILURE (0x80004005) aIID={e54f6256-97a7-4947-8a78-10c013ddf4b8} aComponent={HostWrap} aText={VirtualBox is not currently allowed to access USB devices.  You can change this by adding your user to the 'vboxusers' group.  Please see the user manual for a more detailed explanation}, preserve=true aResultDetail=0
00:00:03.724967 nspr-2   WARNING [COM]: aRC=NS_ERROR_FAILURE (0x80004005) aIID={e54f6256-97a7-4947-8a78-10c013ddf4b8} aComponent={HostWrap} aText={VirtualBox is not currently allowed to access USB devices.  You can change this by adding your user to the 'vboxusers' group.  Please see the user manual for a more detailed explanation}, preserve=true aResultDetail=0
00:00:03.729142 nspr-2   ERROR [COM]: aRC=VBOX_E_INVALID_VM_STATE (0x80bb0002) aIID={300763af-5d6b-46e6-aa96-273eac15538a} aComponent={MachineWrap} aText={The machine is not mutable (state is Starting)}, preserve=false aResultDetail=0
00:00:03.735686 nspr-7   WARNING [COM]: aRC=NS_ERROR_FAILURE (0x80004005) aIID={e54f6256-97a7-4947-8a78-10c013ddf4b8} aComponent={HostWrap} aText={VirtualBox is not currently allowed to access USB devices.  You can change this by adding your user to the 'vboxusers' group.  Please see the user manual for a more detailed explanation}, preserve=true aResultDetail=0
00:00:03.736043 nspr-2   WARNING [COM]: aRC=NS_ERROR_FAILURE (0x80004005) aIID={e54f6256-97a7-4947-8a78-10c013ddf4b8} aComponent={HostWrap} aText={VirtualBox is not currently allowed to access USB devices.  You can change this by adding your user to the 'vboxusers' group.  Please see the user manual for a more detailed explanation}, preserve=true aResultDetail=0
00:00:03.736066 nspr-7   WARNING [COM]: aRC=NS_ERROR_FAILURE (0x80004005) aIID={e54f6256-97a7-4947-8a78-10c013ddf4b8} aComponent={HostWrap} aText={VirtualBox is not currently allowed to access USB devices.  You can change this by adding your user to the 'vboxusers' group.  Please see the user manual for a more detailed explanation}, preserve=true aResultDetail=0
00:00:03.980322 nspr-5   ERROR [COM]: aRC=VBOX_E_OBJECT_NOT_FOUND (0x80bb0001) aIID={ad47ad09-787b-44ab-b343-a082a3f2dfb1} aComponent={MediumWrap} aText={Property 'CRYPT/KeyId' does not exist}, preserve=false aResultDetail=0
00:00:03.992260 nspr-4   WARNING [COM]: aRC=NS_ERROR_FAILURE (0x80004005) aIID={e54f6256-97a7-4947-8a78-10c013ddf4b8} aComponent={HostWrap} aText={VirtualBox is not currently allowed to access USB devices.  You can change this by adding your user to the 'vboxusers' group.  Please see the user manual for a more detailed explanation}, preserve=true aResultDetail=0
00:00:03.996745 nspr-4   ERROR [COM]: aRC=VBOX_E_INVALID_VM_STATE (0x80bb0002) aIID={300763af-5d6b-46e6-aa96-273eac15538a} aComponent={MachineWrap} aText={The machine is not mutable (state is Running)}, preserve=false aResultDetail=0
00:00:04.004416 nspr-3   WARNING [COM]: aRC=NS_ERROR_FAILURE (0x80004005) aIID={e54f6256-97a7-4947-8a78-10c013ddf4b8} aComponent={HostWrap} aText={VirtualBox is not currently allowed to access USB devices.  You can change this by adding your user to the 'vboxusers' group.  Please see the user manual for a more detailed explanation}, preserve=true aResultDetail=0
00:00:04.004820 nspr-8   WARNING [COM]: aRC=NS_ERROR_FAILURE (0x80004005) aIID={e54f6256-97a7-4947-8a78-10c013ddf4b8} aComponent={HostWrap} aText={VirtualBox is not currently allowed to access USB devices.  You can change this by adding your user to the 'vboxusers' group.  Please see the user manual for a more detailed explanation}, preserve=true aResultDetail=0
00:00:22.235674 nspr-6   ERROR [COM]: aRC=VBOX_E_IPRT_ERROR (0x80bb0005) aIID={300763af-5d6b-46e6-aa96-273eac15538a} aComponent={SessionMachine} aText={Saved screenshot data is not available (VERR_NOT_SUPPORTED)}, preserve=false aResultDetail=-37
00:00:22.242530 nspr-3   Saving settings file "/home/trunk/VirtualBox VMs/win11/win11.vbox" with version "1.19-linux"
00:00:22.247733 nspr-3   Finished saving settings file "/home/trunk/VirtualBox VMs/win11/win11.vbox"
00:00:22.254956 nspr-2   Saving settings file "/home/trunk/VirtualBox VMs/win11/win11.vbox" with version "1.19-linux"
00:00:22.258038 nspr-2   Finished saving settings file "/home/trunk/VirtualBox VMs/win11/win11.vbox"
00:00:22.293457 nspr-3   ERROR [COM]: aRC=VBOX_E_INVALID_VM_STATE (0x80bb0002) aIID={300763af-5d6b-46e6-aa96-273eac15538a} aComponent={MachineWrap} aText={The machine is not mutable (state is Running)}, preserve=false aResultDetail=0
00:00:22.299086 nspr-5   WARNING [COM]: aRC=NS_ERROR_FAILURE (0x80004005) aIID={e54f6256-97a7-4947-8a78-10c013ddf4b8} aComponent={HostWrap} aText={VirtualBox is not currently allowed to access USB devices.  You can change this by adding your user to the 'vboxusers' group.  Please see the user manual for a more detailed explanation}, preserve=true aResultDetail=0
00:00:22.299533 nspr-7   WARNING [COM]: aRC=NS_ERROR_FAILURE (0x80004005) aIID={e54f6256-97a7-4947-8a78-10c013ddf4b8} aComponent={HostWrap} aText={VirtualBox is not currently allowed to access USB devices.  You can change this by adding your user to the 'vboxusers' group.  Please see the user manual for a more detailed explanation}, preserve=true aResultDetail=0
00:02:35.278800 nspr-6   ERROR [COM]: aRC=VBOX_E_IPRT_ERROR (0x80bb0005) aIID={300763af-5d6b-46e6-aa96-273eac15538a} aComponent={SessionMachine} aText={Saved screenshot data is not available (VERR_NOT_SUPPORTED)}, preserve=false aResultDetail=-37
00:02:35.287118 nspr-3   Saving settings file "/home/trunk/VirtualBox VMs/win11/win11.vbox" with version "1.19-linux"
00:02:35.290327 nspr-3   Finished saving settings file "/home/trunk/VirtualBox VMs/win11/win11.vbox"
00:02:35.297163 nspr-5   Saving settings file "/home/trunk/VirtualBox VMs/win11/win11.vbox" with version "1.19-linux"
00:02:35.298929 nspr-5   Finished saving settings file "/home/trunk/VirtualBox VMs/win11/win11.vbox"
00:02:35.316516 nspr-2   ERROR [COM]: aRC=VBOX_E_INVALID_VM_STATE (0x80bb0002) aIID={300763af-5d6b-46e6-aa96-273eac15538a} aComponent={MachineWrap} aText={The machine is not mutable (state is Running)}, preserve=false aResultDetail=0
00:02:35.353886 nspr-2   WARNING [COM]: aRC=NS_ERROR_FAILURE (0x80004005) aIID={e54f6256-97a7-4947-8a78-10c013ddf4b8} aComponent={HostWrap} aText={VirtualBox is not currently allowed to access USB devices.  You can change this by adding your user to the 'vboxusers' group.  Please see the user manual for a more detailed explanation}, preserve=true aResultDetail=0
00:02:35.354834 nspr-3   WARNING [COM]: aRC=NS_ERROR_FAILURE (0x80004005) aIID={e54f6256-97a7-4947-8a78-10c013ddf4b8} aComponent={HostWrap} aText={VirtualBox is not currently allowed to access USB devices.  You can change this by adding your user to the 'vboxusers' group.  Please see the user manual for a more detailed explanation}, preserve=true aResultDetail=0
00:02:40.573775 nspr-6   Saving settings file "/home/trunk/VirtualBox VMs/win11/win11.vbox" with version "1.19-linux"
00:02:40.576824 nspr-6   Finished saving settings file "/home/trunk/VirtualBox VMs/win11/win11.vbox"
00:02:40.595849 nspr-5   ERROR [COM]: aRC=VBOX_E_INVALID_VM_STATE (0x80bb0002) aIID={300763af-5d6b-46e6-aa96-273eac15538a} aComponent={MachineWrap} aText={The machine is not mutable (state is Running)}, preserve=false aResultDetail=0
00:02:40.611692 nspr-5   WARNING [COM]: aRC=NS_ERROR_FAILURE (0x80004005) aIID={e54f6256-97a7-4947-8a78-10c013ddf4b8} aComponent={HostWrap} aText={VirtualBox is not currently allowed to access USB devices.  You can change this by adding your user to the 'vboxusers' group.  Please see the user manual for a more detailed explanation}, preserve=true aResultDetail=0
00:02:40.613200 nspr-4   WARNING [COM]: aRC=NS_ERROR_FAILURE (0x80004005) aIID={e54f6256-97a7-4947-8a78-10c013ddf4b8} aComponent={HostWrap} aText={VirtualBox is not currently allowed to access USB devices.  You can change this by adding your user to the 'vboxusers' group.  Please see the user manual for a more detailed explanation}, preserve=true aResultDetail=0
00:12:49.981262 nspr-4   WARNING [COM]: aRC=NS_ERROR_FAILURE (0x80004005) aIID={e54f6256-97a7-4947-8a78-10c013ddf4b8} aComponent={HostWrap} aText={VirtualBox is not currently allowed to access USB devices.  You can change this by adding your user to the 'vboxusers' group.  Please see the user manual for a more detailed explanation}, preserve=true aResultDetail=0
00:12:49.984580 nspr-4   ERROR [COM]: aRC=VBOX_E_INVALID_VM_STATE (0x80bb0002) aIID={300763af-5d6b-46e6-aa96-273eac15538a} aComponent={MachineWrap} aText={The machine is not mutable (state is Stopping)}, preserve=false aResultDetail=0
00:12:49.989348 nspr-5   WARNING [COM]: aRC=NS_ERROR_FAILURE (0x80004005) aIID={e54f6256-97a7-4947-8a78-10c013ddf4b8} aComponent={HostWrap} aText={VirtualBox is not currently allowed to access USB devices.  You can change this by adding your user to the 'vboxusers' group.  Please see the user manual for a more detailed explanation}, preserve=true aResultDetail=0
00:12:49.989674 nspr-3   WARNING [COM]: aRC=NS_ERROR_FAILURE (0x80004005) aIID={e54f6256-97a7-4947-8a78-10c013ddf4b8} aComponent={HostWrap} aText={VirtualBox is not currently allowed to access USB devices.  You can change this by adding your user to the 'vboxusers' group.  Please see the user manual for a more detailed explanation}, preserve=true aResultDetail=0
00:12:49.993793 nspr-4   Saving settings file "/home/trunk/VirtualBox VMs/win11/win11.vbox" with version "1.19-linux"
00:12:49.995560 nspr-4   Finished saving settings file "/home/trunk/VirtualBox VMs/win11/win11.vbox"
00:12:49.996972 nspr-7   WARNING [COM]: aRC=NS_ERROR_FAILURE (0x80004005) aIID={e54f6256-97a7-4947-8a78-10c013ddf4b8} aComponent={HostWrap} aText={VirtualBox is not currently allowed to access USB devices.  You can change this by adding your user to the 'vboxusers' group.  Please see the user manual for a more detailed explanation}, preserve=true aResultDetail=0
00:12:49.999746 nspr-7   ERROR [COM]: aRC=VBOX_E_INVALID_VM_STATE (0x80bb0002) aIID={300763af-5d6b-46e6-aa96-273eac15538a} aComponent={MachineWrap} aText={The machine is not mutable (state is PoweredOff)}, preserve=false aResultDetail=0
00:12:50.003816 nspr-4   WARNING [COM]: aRC=NS_ERROR_FAILURE (0x80004005) aIID={e54f6256-97a7-4947-8a78-10c013ddf4b8} aComponent={HostWrap} aText={VirtualBox is not currently allowed to access USB devices.  You can change this by adding your user to the 'vboxusers' group.  Please see the user manual for a more detailed explanation}, preserve=true aResultDetail=0
00:12:50.004103 nspr-4   WARNING [COM]: aRC=NS_ERROR_FAILURE (0x80004005) aIID={e54f6256-97a7-4947-8a78-10c013ddf4b8} aComponent={HostWrap} aText={VirtualBox is not currently allowed to access USB devices.  You can change this by adding your user to the 'vboxusers' group.  Please see the user manual for a more detailed explanation}, preserve=true aResultDetail=0
00:12:51.521162 nspr-2   ERROR [COM]: aRC=VBOX_E_INVALID_VM_STATE (0x80bb0002) aIID={300763af-5d6b-46e6-aa96-273eac15538a} aComponent={MachineWrap} aText={The machine is not mutable (state is PoweredOff)}, preserve=false aResultDetail=0
00:12:51.537459 nspr-6   WARNING [COM]: aRC=NS_ERROR_FAILURE (0x80004005) aIID={e54f6256-97a7-4947-8a78-10c013ddf4b8} aComponent={HostWrap} aText={VirtualBox is not currently allowed to access USB devices.  You can change this by adding your user to the 'vboxusers' group.  Please see the user manual for a more detailed explanation}, preserve=true aResultDetail=0
00:12:51.538458 nspr-6   WARNING [COM]: aRC=NS_ERROR_FAILURE (0x80004005) aIID={e54f6256-97a7-4947-8a78-10c013ddf4b8} aComponent={HostWrap} aText={VirtualBox is not currently allowed to access USB devices.  You can change this by adding your user to the 'vboxusers' group.  Please see the user manual for a more detailed explanation}, preserve=true aResultDetail=0
00:13:02.344768 nspr-4   WARNING [COM]: aRC=NS_ERROR_FAILURE (0x80004005) aIID={e54f6256-97a7-4947-8a78-10c013ddf4b8} aComponent={HostWrap} aText={VirtualBox is not currently allowed to access USB devices.  You can change this by adding your user to the 'vboxusers' group.  Please see the user manual for a more detailed explanation}, preserve=true aResultDetail=0
00:13:02.346225 nspr-5   WARNING [COM]: aRC=NS_ERROR_FAILURE (0x80004005) aIID={e54f6256-97a7-4947-8a78-10c013ddf4b8} aComponent={HostWrap} aText={VirtualBox is not currently allowed to access USB devices.  You can change this by adding your user to the 'vboxusers' group.  Please see the user manual for a more detailed explanation}, preserve=false aResultDetail=0
00:13:02.365853 nspr-7   ERROR [COM]: aRC=VBOX_E_INVALID_VM_STATE (0x80bb0002) aIID={300763af-5d6b-46e6-aa96-273eac15538a} aComponent={MachineWrap} aText={The machine is not mutable (state is PoweredOff)}, preserve=false aResultDetail=0
00:13:02.464194 nspr-4   WARNING [COM]: aRC=NS_ERROR_FAILURE (0x80004005) aIID={e54f6256-97a7-4947-8a78-10c013ddf4b8} aComponent={HostWrap} aText={VirtualBox is not currently allowed to access USB devices.  You can change this by adding your user to the 'vboxusers' group.  Please see the user manual for a more detailed explanation}, preserve=true aResultDetail=0
00:13:02.464969 nspr-4   WARNING [COM]: aRC=NS_ERROR_FAILURE (0x80004005) aIID={e54f6256-97a7-4947-8a78-10c013ddf4b8} aComponent={HostWrap} aText={VirtualBox is not currently allowed to access USB devices.  You can change this by adding your user to the 'vboxusers' group.  Please see the user manual for a more detailed explanation}, preserve=true aResultDetail=0
00:13:02.631240 nspr-5   Saving settings file "/home/trunk/.config/VirtualBox/VirtualBox.xml" with version "1.12-linux"
00:13:02.633978 nspr-5   Finished saving settings file "/home/trunk/.config/VirtualBox/VirtualBox.xml"
00:13:09.658122 main     VirtualBox: object deletion starts
00:13:09.658226 main     ERROR [COM]: aRC=VBOX_E_OBJECT_IN_USE (0x80bb000c) aIID={ad47ad09-787b-44ab-b343-a082a3f2dfb1} aComponent={MediumWrap} aText={Medium '/home/trunk/VirtualBox VMs/win11/win11.vdi' cannot be closed because it is still attached to 1 virtual machines}, preserve=false aResultDetail=0
00:13:09.658556 main     ERROR [COM]: aRC=VBOX_E_OBJECT_IN_USE (0x80bb000c) aIID={ad47ad09-787b-44ab-b343-a082a3f2dfb1} aComponent={MediumWrap} aText={Medium '/home/trunk/VirtualBox VMs/arch/arch.vhd' cannot be closed because it is still attached to 1 virtual machines}, preserve=false aResultDetail=0
00:13:09.659414 main     HostDnsMonitor: shutting down ...
00:13:09.659952 main     HostDnsMonitor: shut down
00:13:09.672346 Watcher  ERROR [COM]: aRC=E_ACCESSDENIED (0x80070005) aIID={7682d5eb-f00e-44f1-8ca2-99d08b1cd607} aComponent={VirtualBoxWrap} aText={The object is not ready}, preserve=false aResultDetail=0
00:13:09.672501 main     VirtualBox: object deleted
